epoch,accuracy,loss,val_accuracy,val_loss
0,0.27353790402412415,1.828007698059082,0.27681806683540344,1.861291766166687
1,0.31394335627555847,1.7295349836349487,0.3393703103065491,1.7056341171264648
2,0.34264516830444336,1.6717816591262817,0.3505154550075531,1.6671611070632935
3,0.3676547408103943,1.6315711736679077,0.3372805714607239,1.7840837240219116
4,0.38374724984169006,1.600765585899353,0.3828364312648773,1.6138100624084473
5,0.39552056789398193,1.5744708776474,0.3517692983150482,1.834754228591919
6,0.40771186351776123,1.5491095781326294,0.3984396755695343,1.5643781423568726
7,0.4184053838253021,1.5297719240188599,0.3533017635345459,1.844025731086731
8,0.4266606271266937,1.5148990154266357,0.3983003497123718,1.575283169746399
9,0.4292382299900055,1.5035752058029175,0.4197548031806946,1.5076968669891357
10,0.43439340591430664,1.4887421131134033,0.3647255599498749,1.724377989768982
11,0.44170817732810974,1.4786392450332642,0.39022010564804077,1.720236897468567
12,0.44641053676605225,1.4678691625595093,0.4399554133415222,1.4863662719726562
13,0.45208820700645447,1.455601453781128,0.38813039660453796,1.7039909362792969
14,0.4533073306083679,1.4506875276565552,0.4646140933036804,1.4241726398468018
15,0.4570343792438507,1.4447717666625977,0.3376985192298889,2.0073750019073486
16,0.4575568735599518,1.4400513172149658,0.40944552421569824,1.6184715032577515
17,0.458741158246994,1.4391584396362305,0.4063805937767029,1.5763046741485596
18,0.45846250653266907,1.4330248832702637,0.40317636728286743,1.5688060522079468
19,0.4609704315662384,1.4282394647598267,0.4437169134616852,1.4637287855148315
20,0.46591660380363464,1.4195083379745483,0.4180830419063568,1.5193291902542114
21,0.46856385469436646,1.4139091968536377,0.46851491928100586,1.4402594566345215
22,0.4698178172111511,1.4071056842803955,0.38604068756103516,1.7175930738449097
23,0.47155943512916565,1.4029446840286255,0.45096126198768616,1.4330062866210938
24,0.4733010530471802,1.398672342300415,0.39398160576820374,1.8512762784957886
25,0.474868506193161,1.3971527814865112,0.46433547139167786,1.4313005208969116
26,0.4784213900566101,1.388780117034912,0.4512399137020111,1.4500335454940796
27,0.49012506008148193,1.3561254739761353,0.4951239824295044,1.3393834829330444
28,0.4984847903251648,1.345018982887268,0.4878796339035034,1.3483325242996216
29,0.5007837414741516,1.3446625471115112,0.4977709650993347,1.3289457559585571
30,0.49615103006362915,1.3382904529571533,0.49456673860549927,1.3321865797042847
31,0.4969521760940552,1.340848445892334,0.49038729071617126,1.3621482849121094
32,0.496638685464859,1.3405253887176514,0.4980495870113373,1.3257533311843872
33,0.49876344203948975,1.334601879119873,0.4993034303188324,1.3198009729385376
34,0.49932077527046204,1.3336429595947266,0.4942881166934967,1.327975869178772
35,0.500853419303894,1.3327502012252808,0.4987461566925049,1.3233530521392822
36,0.4975791573524475,1.3337180614471436,0.5011144876480103,1.3268775939941406
37,0.5025253295898438,1.3330295085906982,0.4963778257369995,1.3315985202789307
38,0.5013410449028015,1.3282723426818848,0.4930342733860016,1.3227239847183228
39,0.501132071018219,1.3274563550949097,0.49693506956100464,1.3222846984863281
40,0.5001915693283081,1.331483006477356,0.50069659948349,1.3189024925231934
41,0.502629816532135,1.329297423362732,0.488576203584671,1.3410454988479614
42,0.5011668801307678,1.326820969581604,0.4963778257369995,1.3413301706314087
43,0.5037792921066284,1.3263471126556396,0.49832823872566223,1.327562928199768
44,0.5021073818206787,1.3217673301696777,0.4998606741428375,1.3333615064620972
45,0.5022466778755188,1.3226112127304077,0.4972137212753296,1.3197922706604004
46,0.5043714642524719,1.3242491483688354,0.49749234318733215,1.3243547677993774
47,0.5028388500213623,1.3231029510498047,0.4979102909564972,1.3145627975463867
48,0.5054512619972229,1.322709560394287,0.507662296295166,1.3091416358947754
49,0.5039186477661133,1.32268226146698,0.4951239824295044,1.3326417207717896
50,0.5035354495048523,1.321657657623291,0.49888548254966736,1.3173208236694336
51,0.5070186853408813,1.3177704811096191,0.49902480840682983,1.334713339805603
52,0.5054512619972229,1.319404125213623,0.5044580698013306,1.3180499076843262
53,0.5036051273345947,1.319158911705017,0.5001392960548401,1.3134065866470337
54,0.5045456290245056,1.317297339439392,0.4998606741428375,1.3386826515197754
55,0.5074366927146912,1.3165175914764404,0.5043187737464905,1.3102939128875732
56,0.5031175017356873,1.3177945613861084,0.500278651714325,1.3087894916534424
57,0.5047197937965393,1.3172928094863892,0.4972137212753296,1.3179117441177368
58,0.504615306854248,1.3170585632324219,0.4949846863746643,1.3273568153381348
59,0.5052074193954468,1.3157439231872559,0.48063528537750244,1.3875371217727661
60,0.5061827301979065,1.3130464553833008,0.5005572438240051,1.3187388181686401
61,0.5068445205688477,1.3115992546081543,0.5062691569328308,1.3058878183364868
62,0.5036748051643372,1.3141818046569824,0.5059905052185059,1.3062752485275269
63,0.5044411420822144,1.3146110773086548,0.5044580698013306,1.3063244819641113
64,0.5074366927146912,1.312207579612732,0.5045973658561707,1.300187110900879
65,0.5062524080276489,1.3140844106674194,0.5027862787246704,1.3108540773391724
66,0.5077850222587585,1.3134448528289795,0.5047367215156555,1.3115912675857544
67,0.5036399960517883,1.3114237785339355,0.507244348526001,1.311147928237915
68,0.5084816813468933,1.3120123147964478,0.5012538433074951,1.3191944360733032
69,0.5066007375717163,1.3122891187667847,0.5096126794815063,1.3028290271759033
70,0.5076805353164673,1.3066470623016357,0.5123990178108215,1.2992194890975952
71,0.5062175393104553,1.310147762298584,0.508080244064331,1.2991466522216797
72,0.5100839734077454,1.3065825700759888,0.5019503831863403,1.3034824132919312
73,0.5097704529762268,1.3096235990524292,0.5027862787246704,1.3055630922317505
74,0.5076108574867249,1.3056856393814087,0.5054332613945007,1.3107386827468872
75,0.50747150182724,1.3086310625076294,0.5050153136253357,1.3062142133712769
76,0.5076108574867249,1.3071072101593018,0.4972137212753296,1.3162531852722168
77,0.5070883631706238,1.3062055110931396,0.5019503831863403,1.3222997188568115
78,0.5064961910247803,1.3071117401123047,0.5094733834266663,1.3047574758529663
79,0.5064961910247803,1.3077898025512695,0.5018110871315002,1.316765546798706
80,0.51133793592453,1.3041362762451172,0.5075230002403259,1.2918084859848022
81,0.5102232694625854,1.3110146522521973,0.5091947913169861,1.3061745166778564
82,0.5107109546661377,1.3045710325241089,0.5069657564163208,1.3065242767333984
83,0.5125570297241211,1.304083228111267,0.500278651714325,1.3216590881347656
84,0.5099794268608093,1.3013724088668823,0.5100306272506714,1.3032002449035645
85,0.5101884603500366,1.3016375303268433,0.507662296295166,1.3027490377426147
86,0.5117558836936951,1.2978684902191162,0.5013931393623352,1.315717101097107
87,0.5114075541496277,1.3014165163040161,0.5090554356575012,1.3097354173660278
88,0.5115469098091125,1.301021933555603,0.49749234318733215,1.336761474609375
89,0.5125570297241211,1.3030109405517578,0.5059905052185059,1.312283992767334
90,0.5094221234321594,1.3012293577194214,0.507662296295166,1.3108375072479248
91,0.5122435688972473,1.3006449937820435,0.5105879306793213,1.3035064935684204
92,0.5113030672073364,1.302119493484497,0.5034828782081604,1.3214119672775269
93,0.5138806700706482,1.2930727005004883,0.508358895778656,1.2896785736083984
94,0.5115817189216614,1.2966972589492798,0.5086374878883362,1.292245864868164
95,0.5138458609580994,1.2946592569351196,0.5117024183273315,1.2890987396240234
96,0.5096310973167419,1.2958892583847046,0.5118417143821716,1.2872271537780762
97,0.5142289996147156,1.2940032482147217,0.5105879306793213,1.2903841733932495
98,0.5155177712440491,1.2902015447616577,0.5110058784484863,1.2905700206756592
99,0.5160054564476013,1.2928084135055542,0.5140707492828369,1.2864059209823608
100,0.5149256587028503,1.2924113273620605,0.5130955576896667,1.2871757745742798
101,0.5125222206115723,1.2945921421051025,0.5122596621513367,1.2876243591308594
102,0.5169110894203186,1.2893441915512085,0.5121203660964966,1.2869082689285278
103,0.5121738910675049,1.2975332736968994,0.5103092789649963,1.2893444299697876
104,0.5153436064720154,1.2927964925765991,0.5121203660964966,1.287771224975586
105,0.5144379734992981,1.2921019792556763,0.5100306272506714,1.290274977684021
106,0.5140199661254883,1.2909398078918457,0.5135135054588318,1.2889482975006104
107,0.5171200633049011,1.2891727685928345,0.5119810700416565,1.2887901067733765
108,0.5170155763626099,1.2920795679092407,0.5126776099205017,1.2921932935714722
109,0.5165975689888,1.2886682748794556,0.5130955576896667,1.2899949550628662
110,0.5139503479003906,1.2877286672592163,0.5104485750198364,1.2892804145812988
111,0.5201852917671204,1.2849551439285278,0.5135135054588318,1.289168119430542
112,0.5163885951042175,1.2912043333053589,0.5129562616348267,1.2880438566207886
113,0.5161447525024414,1.287987232208252,0.5123990178108215,1.2884024381637573
114,0.5162144303321838,1.292288899421692,0.5117024183273315,1.2885427474975586
115,0.5134278535842896,1.2909916639328003,0.5132349133491516,1.2881171703338623
116,0.5150301456451416,1.2898980379104614,0.5122596621513367,1.2879304885864258
117,0.5140548348426819,1.2902452945709229,0.5118417143821716,1.2889223098754883
118,0.5133581757545471,1.2919589281082153,0.5114237666130066,1.2891123294830322
119,0.518478512763977,1.287588119506836,0.5117024183273315,1.2887402772903442
120,0.511616587638855,1.2967160940170288,0.5108665227890015,1.288804292678833
121,0.5144728422164917,1.2911688089370728,0.5114237666130066,1.2886265516281128
122,0.5138806700706482,1.2940820455551147,0.5105879306793213,1.289467692375183
123,0.5172942280769348,1.2882814407348633,0.5119810700416565,1.2880663871765137
124,0.5129053592681885,1.2892664670944214,0.5117024183273315,1.2882400751113892
125,0.5149256587028503,1.2919803857803345,0.5117024183273315,1.2885581254959106
126,0.5148907899856567,1.288987159729004,0.5114237666130066,1.2887452840805054
127,0.5129750370979309,1.2907878160476685,0.5123990178108215,1.2876287698745728
128,0.5141245126724243,1.2855316400527954,0.5111451745033264,1.2880463600158691
129,0.5146818161010742,1.2920769453048706,0.5114237666130066,1.2885560989379883
130,0.5169458985328674,1.2908626794815063,0.5110058784484863,1.288658618927002
131,0.5137065052986145,1.291806936264038,0.5097520351409912,1.2896974086761475
132,0.5141593217849731,1.2909313440322876,0.5118417143821716,1.288219928741455
133,0.5160402655601501,1.2881214618682861,0.5123990178108215,1.2880600690841675
134,0.5144379734992981,1.2954707145690918,0.5117024183273315,1.287753701210022
135,0.5147863030433655,1.291083812713623,0.5119810700416565,1.2887378931045532
